
****************************************************
Executing "apt-updater.sh"
Starting update @ Mon Jun 27 12:41:16 PM EDT 2022
****************************************************

Hit:1 http://packages.microsoft.com/repos/code stable InRelease
Hit:2 https://brave-browser-apt-release.s3.brave.com stable InRelease
Hit:3 http://kali.download/kali kali-rolling InRelease
Reading package lists...
Reading package lists...
Building dependency tree...
Reading state information...
Calculating upgrade...
0 upgraded, 0 newly installed, 0 to remove and 0 not upgraded.
Reading package lists...
Building dependency tree...
Reading state information...
0 upgraded, 0 newly installed, 0 to remove and 0 not upgraded.
Reading package lists...
Building dependency tree...
Reading state information...

****************************************************
Completed @ Mon Jun 27 12:41:24 PM EDT 2022
****************************************************
